<?xml version="1.0" encoding="UTF-8"?>
<!-- Generated by org.testng.reporters.JUnitReportReporter -->
<testsuite hostname="LAPTOP-3I1HTUO8" failures="0" tests="2" name="jenkinsselenium" time="10.700" errors="0" timestamp="2025-04-02T11:28:27 IST" skipped="0">
  <testcase classname="jenkinsselenium" name="google" time="9.743"/>
  <system-out/>
  <testcase classname="jenkinsselenium" name="testGoogle" time="0.957"/>
  <system-out/>
</testsuite> <!-- jenkinsselenium -->
