<?xml version="1.0" encoding="UTF-8"?>
<!-- Generated by org.testng.reporters.JUnitReportReporter -->
<testsuite hostname="LAPTOP-3I1HTUO8" failures="0" tests="2" name="selenium_jenkins.jenkinsselenium" time="13.338" errors="0" timestamp="2025-04-03T11:57:59 IST" skipped="0">
  <testcase classname="selenium_jenkins.jenkinsselenium" name="testGoogle" time="1.192"/>
  <system-out/>
  <testcase classname="selenium_jenkins.jenkinsselenium" name="google" time="12.146"/>
  <system-out/>
</testsuite> <!-- selenium_jenkins.jenkinsselenium -->
