<?xml version="1.0" encoding="UTF-8"?>
<!-- Generated by org.testng.reporters.JUnitReportReporter -->
<testsuite hostname="LAPTOP-3I1HTUO8" failures="0" tests="1" name="jenkinsselenium" time="0.847" errors="0" timestamp="2025-04-02T11:51:39 IST" skipped="0">
  <testcase classname="jenkinsselenium" name="testGoogle" time="0.847"/>
  <system-out/>
</testsuite> <!-- jenkinsselenium -->
