<?xml version="1.0" encoding="UTF-8"?>
<!-- Generated by org.testng.reporters.JUnitReportReporter -->
<testsuite hostname="LAPTOP-3I1HTUO8" failures="0" tests="1" name="selenium_jenkins.jenkinsselenium" time="0.892" errors="0" timestamp="2025-04-03T11:37:32 IST" skipped="0">
  <testcase classname="selenium_jenkins.jenkinsselenium" name="testGoogle" time="0.892"/>
  <system-out/>
</testsuite> <!-- selenium_jenkins.jenkinsselenium -->
