<?xml version="1.0" encoding="UTF-8"?>
<!-- Generated by org.testng.reporters.JUnitReportReporter -->
<testsuite hostname="LAPTOP-3I1HTUO8" failures="0" tests="1" name="selenium_jenkins.withoutArgument" time="1.837" errors="0" timestamp="2025-04-03T15:33:58 IST" skipped="0">
  <testcase classname="selenium_jenkins.withoutArgument" name="testIndiapost" time="1.837"/>
  <system-out/>
</testsuite> <!-- selenium_jenkins.withoutArgument -->
