<?xml version="1.0" encoding="UTF-8"?>
<!-- Generated by org.testng.reporters.JUnitReportReporter -->
<testsuite hostname="LAPTOP-3I1HTUO8" failures="0" tests="3" name="selenjenk.seleniumjenkinss" time="5.964" errors="0" timestamp="2025-04-04T15:18:04 IST" skipped="0">
  <testcase classname="selenjenk.seleniumjenkinss" name="google" time="4.570"/>
  <system-out/>
  <testcase classname="selenjenk.seleniumjenkinss" name="testGoogle" time="0.901"/>
  <system-out/>
  <testcase classname="selenjenk.seleniumjenkinss" name="testIndiapost" time="0.493"/>
  <system-out/>
</testsuite> <!-- selenjenk.seleniumjenkinss -->
