<?xml version="1.0" encoding="UTF-8"?>
<!-- Generated by org.testng.reporters.JUnitReportReporter -->
<testsuite hostname="LAPTOP-3I1HTUO8" failures="0" tests="2" name="selenium_jenkins.jenkinsselenium" time="8.614" errors="0" timestamp="2025-04-03T12:45:06 IST" skipped="0">
  <testcase classname="selenium_jenkins.jenkinsselenium" name="testGoogle" time="0.744"/>
  <system-out/>
  <testcase classname="selenium_jenkins.jenkinsselenium" name="google" time="7.870"/>
  <system-out/>
</testsuite> <!-- selenium_jenkins.jenkinsselenium -->
