<?xml version="1.0" encoding="UTF-8"?>
<!-- Generated by org.testng.reporters.JUnitReportReporter -->
<testsuite hostname="LAPTOP-3I1HTUO8" failures="0" tests="3" name="selenjenk.seleniumjenkinss" time="8.266" errors="0" timestamp="2025-04-03T11:59:03 IST" skipped="0">
  <testcase classname="selenjenk.seleniumjenkinss" name="testIndiapost" time="0.149"/>
  <system-out/>
  <testcase classname="selenjenk.seleniumjenkinss" name="testGoogle" time="0.732"/>
  <system-out/>
  <testcase classname="selenjenk.seleniumjenkinss" name="google" time="7.385"/>
  <system-out/>
</testsuite> <!-- selenjenk.seleniumjenkinss -->
