<?xml version="1.0" encoding="UTF-8"?>
<!-- Generated by org.testng.reporters.JUnitReportReporter -->
<testsuite hostname="LAPTOP-3I1HTUO8" failures="0" tests="3" name="selenjenk.seleniumjenkinss" time="7.614" errors="0" timestamp="2025-04-03T12:45:06 IST" skipped="0">
  <testcase classname="selenjenk.seleniumjenkinss" name="google" time="6.332"/>
  <system-out/>
  <testcase classname="selenjenk.seleniumjenkinss" name="testGoogle" time="1.000"/>
  <system-out/>
  <testcase classname="selenjenk.seleniumjenkinss" name="testIndiapost" time="0.282"/>
  <system-out/>
</testsuite> <!-- selenjenk.seleniumjenkinss -->
