<?xml version="1.0" encoding="UTF-8"?>
<!-- Generated by org.testng.reporters.JUnitReportReporter -->
<testsuite hostname="LAPTOP-3I1HTUO8" failures="0" tests="2" name="selenjenk.seleniumjenkinss" time="11.313" errors="0" timestamp="2025-04-02T15:11:14 IST" skipped="0">
  <testcase classname="selenjenk.seleniumjenkinss" name="testindiapost" time="1.802"/>
  <system-out/>
  <testcase classname="selenjenk.seleniumjenkinss" name="google" time="9.511"/>
  <system-out/>
</testsuite> <!-- selenjenk.seleniumjenkinss -->
