<?xml version="1.0" encoding="UTF-8"?>
<!-- Generated by org.testng.reporters.JUnitReportReporter -->
<testsuite hostname="LAPTOP-3I1HTUO8" failures="0" tests="1" name="selenjenk.seleniumjenkinss" time="1.493" errors="0" timestamp="2025-04-03T15:25:08 IST" skipped="0">
  <testcase classname="selenjenk.seleniumjenkinss" name="testGoogle" time="1.493"/>
  <system-out/>
</testsuite> <!-- selenjenk.seleniumjenkinss -->
