<?xml version="1.0" encoding="UTF-8"?>
<!-- Generated by org.testng.reporters.JUnitReportReporter -->
<testsuite hostname="LAPTOP-3I1HTUO8" failures="0" tests="2" name="selenium_jenkins.jenkinsselenium" time="10.069" errors="0" timestamp="2025-04-02T14:43:45 IST" skipped="0">
  <testcase classname="selenium_jenkins.jenkinsselenium" name="google" time="8.992"/>
  <system-out/>
  <testcase classname="selenium_jenkins.jenkinsselenium" name="testGoogle" time="1.077"/>
  <system-out/>
</testsuite> <!-- selenium_jenkins.jenkinsselenium -->
