<?xml version="1.0" encoding="UTF-8"?>
<!-- Generated by org.testng.reporters.JUnitReportReporter -->
<testsuite hostname="LAPTOP-3I1HTUO8" failures="0" tests="1" name="selenjenk.seleniumjenkinss" time="7.417" errors="0" timestamp="2025-04-03T11:37:32 IST" skipped="0">
  <testcase classname="selenjenk.seleniumjenkinss" name="google" time="7.417"/>
  <system-out/>
</testsuite> <!-- selenjenk.seleniumjenkinss -->
