<?xml version="1.0" encoding="UTF-8"?>
<!-- Generated by org.testng.reporters.JUnitReportReporter -->
<testsuite hostname="LAPTOP-3I1HTUO8" failures="0" tests="3" name="selenjenk.seleniumjenkinss" time="9.696" errors="0" timestamp="2025-04-03T11:34:19 IST" skipped="0">
  <testcase classname="selenjenk.seleniumjenkinss" name="testIndiapost" time="0.157"/>
  <system-out/>
  <testcase classname="selenjenk.seleniumjenkinss" name="testGoogle" time="0.788"/>
  <system-out/>
  <testcase classname="selenjenk.seleniumjenkinss" name="google" time="8.751"/>
  <system-out/>
</testsuite> <!-- selenjenk.seleniumjenkinss -->
