<?xml version="1.0" encoding="UTF-8"?>
<!-- Generated by org.testng.reporters.JUnitReportReporter -->
<testsuite hostname="LAPTOP-3I1HTUO8" failures="0" tests="1" name="jenkinsselenium" time="11.137" errors="0" timestamp="2025-04-02T10:29:20 IST" skipped="0">
  <testcase classname="jenkinsselenium" name="google" time="11.137"/>
  <system-out/>
</testsuite> <!-- jenkinsselenium -->
