<?xml version="1.0" encoding="UTF-8"?>
<!-- Generated by org.testng.reporters.JUnitReportReporter -->
<testsuite hostname="LAPTOP-3I1HTUO8" failures="0" tests="1" name="selenium_jenkins.jenkinsselenium" time="2.453" errors="0" timestamp="2025-04-03T15:25:08 IST" skipped="0">
  <testcase classname="selenium_jenkins.jenkinsselenium" name="testIndiapost" time="2.453"/>
  <system-out/>
</testsuite> <!-- selenium_jenkins.jenkinsselenium -->
